Running: C:\Xilinx\14.7\ISE_DS\ISE\bin\nt64\unwrapped\fuse.exe -intstyle ise -incremental -lib unisims_ver -lib unimacro_ver -lib xilinxcorelib_ver -o C:/Users/Victor Espinoza/Documents/Long Beach/Victor's Projects To Upload/Spring 2015/CECS 440/Lab 5 - Pipelined MIPS/lab5_Pipelined_MIPS/Pipelined_MIPS_tb_isim_beh.exe -prj C:/Users/Victor Espinoza/Documents/Long Beach/Victor's Projects To Upload/Spring 2015/CECS 440/Lab 5 - Pipelined MIPS/lab5_Pipelined_MIPS/Pipelined_MIPS_tb_beh.prj work.Pipelined_MIPS_tb work.glbl 
ISim P.20131013 (signature 0x7708f090)
Number of CPUs detected in this system: 4
Turning on mult-threading, number of parallel sub-compilation jobs: 8 
Determining compilation order of HDL files
Analyzing Verilog file "C:/Users/Victor Espinoza/Documents/Long Beach/Victor's Projects To Upload/Spring 2015/CECS 440/Lab 5 - Pipelined MIPS/lab5_Pipelined_MIPS/register_file.v" into library work
Analyzing Verilog file "C:/Users/Victor Espinoza/Documents/Long Beach/Victor's Projects To Upload/Spring 2015/CECS 440/Lab 5 - Pipelined MIPS/lab5_Pipelined_MIPS/Controller.v" into library work
Analyzing Verilog file "C:/Users/Victor Espinoza/Documents/Long Beach/Victor's Projects To Upload/Spring 2015/CECS 440/Lab 5 - Pipelined MIPS/lab5_Pipelined_MIPS/ALU.v" into library work
Analyzing Verilog file "C:/Users/Victor Espinoza/Documents/Long Beach/Victor's Projects To Upload/Spring 2015/CECS 440/Lab 5 - Pipelined MIPS/lab5_Pipelined_MIPS/PipelinedMIPS.v" into library work
Analyzing Verilog file "C:/Users/Victor Espinoza/Documents/Long Beach/Victor's Projects To Upload/Spring 2015/CECS 440/Lab 5 - Pipelined MIPS/lab5_Pipelined_MIPS/Pipelined_MIPS_tb.v" into library work
Analyzing Verilog file "C:/Xilinx/14.7/ISE_DS/ISE//verilog/src/glbl.v" into library work
Starting static elaboration
Completed static elaboration
Compiling module Controller
Compiling module register_file
Compiling module ALU
Compiling module PipelinedMIPS
Compiling module Pipelined_MIPS_tb
Compiling module glbl
Time Resolution for simulation is 1ps.
Waiting for 1 sub-compilation(s) to finish...
Compiled 6 Verilog Units
Built simulation executable C:/Users/Victor Espinoza/Documents/Long Beach/Victor's Projects To Upload/Spring 2015/CECS 440/Lab 5 - Pipelined MIPS/lab5_Pipelined_MIPS/Pipelined_MIPS_tb_isim_beh.exe
Fuse Memory Usage: 32140 KB
Fuse CPU Usage: 733 ms
